1689991948644	geckodriver	INFO	Listening on 127.0.0.1:49898
1689992032749	geckodriver	INFO	Listening on 127.0.0.1:49916
1689992080144	geckodriver	INFO	Listening on 127.0.0.1:49929
1690078706653	geckodriver	INFO	Listening on 127.0.0.1:50758
1690078706921	mozrunner::runner	INFO	Running command: MOZ_CRASHREPORTER="1" MOZ_CRASHREPORTER_NO_REPORT="1" MOZ_CRASHREPORTER_SHUTDOWN="1" MOZ_NO_REMOTE="1" "/App ... s" "localhost" "-foreground" "-no-remote" "-profile" "/var/folders/my/hgkmtlyx5vx5j1b64h56qthh0000gn/T/rust_mozprofilePyyURC"
console.warn: services.settings: Ignoring preference override of remote settings server
console.warn: services.settings: Allow by setting MOZ_REMOTE_SETTINGS_DEVTOOLS=1 in the environment
1690078711381	Marionette	INFO	Marionette enabled
console.error: "Warning: unrecognized command line flag -remote-allow-hosts\n"
1690078712566	Marionette	INFO	Listening on port 50769
Read port: 50769
WebDriver BiDi listening on ws://127.0.0.1:50759
1690078712700	RemoteAgent	WARN	TLS certificate errors will be ignored for this session
2023-07-22 22:18:33.319 plugin-container[2944:75347] nil host used in call to allowsSpecificHTTPSCertificateForHost
2023-07-22 22:18:33.320 plugin-container[2944:75347] nil host used in call to allowsAnyHTTPSCertificateForHost:
2023-07-22 22:18:33.628 plugin-container[2944:75347] nil host used in call to allowsSpecificHTTPSCertificateForHost
2023-07-22 22:18:33.628 plugin-container[2944:75347] nil host used in call to allowsAnyHTTPSCertificateForHost:
2023-07-22 22:18:33.629 plugin-container[2944:75462] nil host used in call to allowsSpecificHTTPSCertificateForHost
2023-07-22 22:18:33.629 plugin-container[2944:75462] nil host used in call to allowsAnyHTTPSCertificateForHost:
DevTools listening on ws://127.0.0.1:50759/devtools/browser/6918289a-062a-4d1e-b6fb-b9a0254f35fe
1690078720833	Marionette	WARN	Ignoring event 'pageshow' because document has an invalid readyState of 'loading'.
1690078720954	Marionette	INFO	Stopped listening on port 50769
1690078864865	geckodriver	INFO	Listening on 127.0.0.1:50954
1690078865380	mozrunner::runner	INFO	Running command: MOZ_CRASHREPORTER="1" MOZ_CRASHREPORTER_NO_REPORT="1" MOZ_CRASHREPORTER_SHUTDOWN="1" MOZ_NO_REMOTE="1" "/App ... s" "localhost" "-foreground" "-no-remote" "-profile" "/var/folders/my/hgkmtlyx5vx5j1b64h56qthh0000gn/T/rust_mozprofileF328zw"
console.warn: services.settings: Ignoring preference override of remote settings server
console.warn: services.settings: Allow by setting MOZ_REMOTE_SETTINGS_DEVTOOLS=1 in the environment
1690078868817	Marionette	INFO	Marionette enabled
2023-07-22 22:21:09.721 plugin-container[2981:77458] nil host used in call to allowsSpecificHTTPSCertificateForHost
2023-07-22 22:21:09.729 plugin-container[2981:77458] nil host used in call to allowsAnyHTTPSCertificateForHost:
console.error: "Warning: unrecognized command line flag -remote-allow-hosts\n"
1690078870102	Marionette	INFO	Listening on port 50962
Read port: 50962
WebDriver BiDi listening on ws://127.0.0.1:50955
1690078870354	RemoteAgent	WARN	TLS certificate errors will be ignored for this session
2023-07-22 22:21:10.643 plugin-container[2981:77458] nil host used in call to allowsSpecificHTTPSCertificateForHost
2023-07-22 22:21:10.643 plugin-container[2981:77458] nil host used in call to allowsAnyHTTPSCertificateForHost:
2023-07-22 22:21:10.643 plugin-container[2981:77460] nil host used in call to allowsSpecificHTTPSCertificateForHost
2023-07-22 22:21:10.644 plugin-container[2981:77460] nil host used in call to allowsAnyHTTPSCertificateForHost:
DevTools listening on ws://127.0.0.1:50955/devtools/browser/823ce5ff-61a5-4496-9d66-aa4e58652a41
console.error: (new TypeError("linkMap is undefined", "resource://gre/modules/NewTabUtils.sys.mjs", 2003))
1690078880193	Marionette	INFO	Stopped listening on port 50962
1690078880419	Marionette	WARN	Ignoring event 'pageshow' because document has an invalid readyState of 'loading'.
1690079022808	geckodriver	INFO	Listening on 127.0.0.1:51087
1690079023328	mozrunner::runner	INFO	Running command: MOZ_CRASHREPORTER="1" MOZ_CRASHREPORTER_NO_REPORT="1" MOZ_CRASHREPORTER_SHUTDOWN="1" MOZ_NO_REMOTE="1" "/App ... s" "localhost" "-foreground" "-no-remote" "-profile" "/var/folders/my/hgkmtlyx5vx5j1b64h56qthh0000gn/T/rust_mozprofileEU4fzM"
console.warn: services.settings: Ignoring preference override of remote settings server
console.warn: services.settings: Allow by setting MOZ_REMOTE_SETTINGS_DEVTOOLS=1 in the environment
1690079025575	Marionette	INFO	Marionette enabled
2023-07-22 22:23:46.378 plugin-container[3108:80592] nil host used in call to allowsSpecificHTTPSCertificateForHost
2023-07-22 22:23:46.379 plugin-container[3108:80592] nil host used in call to allowsAnyHTTPSCertificateForHost:
2023-07-22 22:23:46.398 plugin-container[3108:80592] nil host used in call to allowsSpecificHTTPSCertificateForHost
2023-07-22 22:23:46.398 plugin-container[3108:80592] nil host used in call to allowsAnyHTTPSCertificateForHost:
2023-07-22 22:23:46.399 plugin-container[3108:80602] nil host used in call to allowsSpecificHTTPSCertificateForHost
2023-07-22 22:23:46.399 plugin-container[3108:80602] nil host used in call to allowsAnyHTTPSCertificateForHost:
console.error: "Warning: unrecognized command line flag -remote-allow-hosts\n"
1690079026842	Marionette	INFO	Listening on port 51095
WebDriver BiDi listening on ws://127.0.0.1:51088
Read port: 51095
1690079027191	RemoteAgent	WARN	TLS certificate errors will be ignored for this session
DevTools listening on ws://127.0.0.1:51088/devtools/browser/49b3d1c4-f37c-4aa8-8f7c-d67eccc845dd
1690079036798	Marionette	WARN	Ignoring event 'pageshow' because document has an invalid readyState of 'loading'.
1690079053857	Marionette	WARN	Ignoring event 'pageshow' because document has an invalid readyState of 'loading'.
1690079058208	Marionette	INFO	Stopped listening on port 51095
console.error: services.settings: 
  Message: NetworkError: Network error: TypeError: NetworkError: Network request failed
  Stack:
    APIError@resource://services-settings/RemoteSettingsClient.sys.mjs:111:1
NetworkError@resource://services-settings/RemoteSettingsClient.sys.mjs:115:5
_adjustedError@resource://services-settings/RemoteSettingsClient.sys.mjs:911:14
maybeSync@resource://services-settings/RemoteSettingsClient.sys.mjs:816:38

console.error: (new NetworkError("Network error: TypeError: NetworkError: Network request failed", "resource://services-settings/RemoteSettingsClient.sys.mjs", 111))
